

Started GET "/home" for 127.0.0.1 at 2015-11-24 03:00:08 -0400
Connecting to database specified by database.yml

ActionController::RoutingError (No route matches [GET] "/home"):
  actionpack (3.2.16) lib/action_dispatch/middleware/debug_exceptions.rb:21:in `call'
  actionpack (3.2.16) lib/action_dispatch/middleware/show_exceptions.rb:56:in `call'
  railties (3.2.16) lib/rails/rack/logger.rb:32:in `call_app'
  railties (3.2.16) lib/rails/rack/logger.rb:16:in `block in call'
  activesupport (3.2.16) lib/active_support/tagged_logging.rb:22:in `tagged'
  railties (3.2.16) lib/rails/rack/logger.rb:16:in `call'
  actionpack (3.2.16) lib/action_dispatch/middleware/request_id.rb:22:in `call'
  rack (1.4.7) lib/rack/methodoverride.rb:21:in `call'
  rack (1.4.7) lib/rack/runtime.rb:17:in `call'
  activesupport (3.2.16) lib/active_support/cache/strategy/local_cache.rb:72:in `call'
  rack (1.4.7) lib/rack/lock.rb:15:in `call'
  actionpack (3.2.16) lib/action_dispatch/middleware/static.rb:63:in `call'
  railties (3.2.16) lib/rails/engine.rb:484:in `call'
  railties (3.2.16) lib/rails/application.rb:231:in `call'
  rack (1.4.7) lib/rack/content_length.rb:14:in `call'
  railties (3.2.16) lib/rails/rack/log_tailer.rb:17:in `call'
  rack (1.4.7) lib/rack/handler/webrick.rb:59:in `service'
  /home/saasbook/.rvm/rubies/ruby-1.9.3-p448/lib/ruby/1.9.1/webrick/httpserver.rb:138:in `service'
  /home/saasbook/.rvm/rubies/ruby-1.9.3-p448/lib/ruby/1.9.1/webrick/httpserver.rb:94:in `run'
  /home/saasbook/.rvm/rubies/ruby-1.9.3-p448/lib/ruby/1.9.1/webrick/server.rb:191:in `block in start_thread'


  Rendered /home/saasbook/.rvm/gems/ruby-1.9.3-p448/gems/actionpack-3.2.16/lib/action_dispatch/middleware/templates/rescues/routing_error.erb within rescues/layout (4.9ms)


Started GET "/about" for 127.0.0.1 at 2015-11-24 03:00:19 -0400

ActionController::RoutingError (No route matches [GET] "/about"):
  actionpack (3.2.16) lib/action_dispatch/middleware/debug_exceptions.rb:21:in `call'
  actionpack (3.2.16) lib/action_dispatch/middleware/show_exceptions.rb:56:in `call'
  railties (3.2.16) lib/rails/rack/logger.rb:32:in `call_app'
  railties (3.2.16) lib/rails/rack/logger.rb:16:in `block in call'
  activesupport (3.2.16) lib/active_support/tagged_logging.rb:22:in `tagged'
  railties (3.2.16) lib/rails/rack/logger.rb:16:in `call'
  actionpack (3.2.16) lib/action_dispatch/middleware/request_id.rb:22:in `call'
  rack (1.4.7) lib/rack/methodoverride.rb:21:in `call'
  rack (1.4.7) lib/rack/runtime.rb:17:in `call'
  activesupport (3.2.16) lib/active_support/cache/strategy/local_cache.rb:72:in `call'
  rack (1.4.7) lib/rack/lock.rb:15:in `call'
  actionpack (3.2.16) lib/action_dispatch/middleware/static.rb:63:in `call'
  railties (3.2.16) lib/rails/engine.rb:484:in `call'
  railties (3.2.16) lib/rails/application.rb:231:in `call'
  rack (1.4.7) lib/rack/content_length.rb:14:in `call'
  railties (3.2.16) lib/rails/rack/log_tailer.rb:17:in `call'
  rack (1.4.7) lib/rack/handler/webrick.rb:59:in `service'
  /home/saasbook/.rvm/rubies/ruby-1.9.3-p448/lib/ruby/1.9.1/webrick/httpserver.rb:138:in `service'
  /home/saasbook/.rvm/rubies/ruby-1.9.3-p448/lib/ruby/1.9.1/webrick/httpserver.rb:94:in `run'
  /home/saasbook/.rvm/rubies/ruby-1.9.3-p448/lib/ruby/1.9.1/webrick/server.rb:191:in `block in start_thread'


  Rendered /home/saasbook/.rvm/gems/ruby-1.9.3-p448/gems/actionpack-3.2.16/lib/action_dispatch/middleware/templates/rescues/routing_error.erb within rescues/layout (0.7ms)


Started GET "/pages/about" for 127.0.0.1 at 2015-11-24 03:02:27 -0400
Processing by PagesController#about as HTML
Completed 500 Internal Server Error in 15.4ms

ActionView::MissingTemplate (Missing template pages/about, application/about with {:locale=>[:en], :formats=>[:html], :handlers=>[:erb, :builder, :coffee]}. Searched in:
  * "/home/saasbook/demo_app/app/views"
):
  actionpack (3.2.16) lib/action_view/path_set.rb:58:in `find'
  actionpack (3.2.16) lib/action_view/lookup_context.rb:122:in `find'
  actionpack (3.2.16) lib/action_view/renderer/abstract_renderer.rb:3:in `find_template'
  actionpack (3.2.16) lib/action_view/renderer/template_renderer.rb:34:in `determine_template'
  actionpack (3.2.16) lib/action_view/renderer/template_renderer.rb:10:in `render'
  actionpack (3.2.16) lib/action_view/renderer/renderer.rb:36:in `render_template'
  actionpack (3.2.16) lib/action_view/renderer/renderer.rb:17:in `render'
  actionpack (3.2.16) lib/abstract_controller/rendering.rb:110:in `_render_template'
  actionpack (3.2.16) lib/action_controller/metal/streaming.rb:225:in `_render_template'
  actionpack (3.2.16) lib/abstract_controller/rendering.rb:103:in `render_to_body'
  actionpack (3.2.16) lib/action_controller/metal/renderers.rb:28:in `render_to_body'
  actionpack (3.2.16) lib/action_controller/metal/compatibility.rb:50:in `render_to_body'
  actionpack (3.2.16) lib/abstract_controller/rendering.rb:88:in `render'
  actionpack (3.2.16) lib/action_controller/metal/rendering.rb:16:in `render'
  actionpack (3.2.16) lib/action_controller/metal/instrumentation.rb:40:in `block (2 levels) in render'
  activesupport (3.2.16) lib/active_support/core_ext/benchmark.rb:5:in `block in ms'
  /home/saasbook/.rvm/rubies/ruby-1.9.3-p448/lib/ruby/1.9.1/benchmark.rb:295:in `realtime'
  activesupport (3.2.16) lib/active_support/core_ext/benchmark.rb:5:in `ms'
  actionpack (3.2.16) lib/action_controller/metal/instrumentation.rb:40:in `block in render'
  actionpack (3.2.16) lib/action_controller/metal/instrumentation.rb:83:in `cleanup_view_runtime'
  activerecord (3.2.16) lib/active_record/railties/controller_runtime.rb:24:in `cleanup_view_runtime'
  actionpack (3.2.16) lib/action_controller/metal/instrumentation.rb:39:in `render'
  actionpack (3.2.16) lib/action_controller/metal/implicit_render.rb:10:in `default_render'
  actionpack (3.2.16) lib/action_controller/metal/implicit_render.rb:5:in `send_action'
  actionpack (3.2.16) lib/abstract_controller/base.rb:167:in `process_action'
  actionpack (3.2.16) lib/action_controller/metal/rendering.rb:10:in `process_action'
  actionpack (3.2.16) lib/abstract_controller/callbacks.rb:18:in `block in process_action'
  activesupport (3.2.16) lib/active_support/callbacks.rb:414:in `_run__892197531__process_action__639699683__callbacks'
  activesupport (3.2.16) lib/active_support/callbacks.rb:405:in `__run_callback'
  activesupport (3.2.16) lib/active_support/callbacks.rb:385:in `_run_process_action_callbacks'
  activesupport (3.2.16) lib/active_support/callbacks.rb:81:in `run_callbacks'
  actionpack (3.2.16) lib/abstract_controller/callbacks.rb:17:in `process_action'
  actionpack (3.2.16) lib/action_controller/metal/rescue.rb:29:in `process_action'
  actionpack (3.2.16) lib/action_controller/metal/instrumentation.rb:30:in `block in process_action'
  activesupport (3.2.16) lib/active_support/notifications.rb:123:in `block in instrument'
  activesupport (3.2.16) lib/active_support/notifications/instrumenter.rb:20:in `instrument'
  activesupport (3.2.16) lib/active_support/notifications.rb:123:in `instrument'
  actionpack (3.2.16) lib/action_controller/metal/instrumentation.rb:29:in `process_action'
  actionpack (3.2.16) lib/action_controller/metal/params_wrapper.rb:207:in `process_action'
  activerecord (3.2.16) lib/active_record/railties/controller_runtime.rb:18:in `process_action'
  actionpack (3.2.16) lib/abstract_controller/base.rb:121:in `process'
  actionpack (3.2.16) lib/abstract_controller/rendering.rb:45:in `process'
  actionpack (3.2.16) lib/action_controller/metal.rb:203:in `dispatch'
  actionpack (3.2.16) lib/action_controller/metal/rack_delegation.rb:14:in `dispatch'
  actionpack (3.2.16) lib/action_controller/metal.rb:246:in `block in action'
  actionpack (3.2.16) lib/action_dispatch/routing/route_set.rb:73:in `call'
  actionpack (3.2.16) lib/action_dispatch/routing/route_set.rb:73:in `dispatch'
  actionpack (3.2.16) lib/action_dispatch/routing/route_set.rb:36:in `call'
  journey (1.0.4) lib/journey/router.rb:68:in `block in call'
  journey (1.0.4) lib/journey/router.rb:56:in `each'
  journey (1.0.4) lib/journey/router.rb:56:in `call'
  actionpack (3.2.16) lib/action_dispatch/routing/route_set.rb:608:in `call'
  actionpack (3.2.16) lib/action_dispatch/middleware/best_standards_support.rb:17:in `call'
  rack (1.4.7) lib/rack/etag.rb:23:in `call'
  rack (1.4.7) lib/rack/conditionalget.rb:25:in `call'
  actionpack (3.2.16) lib/action_dispatch/middleware/head.rb:14:in `call'
  actionpack (3.2.16) lib/action_dispatch/middleware/params_parser.rb:21:in `call'
  actionpack (3.2.16) lib/action_dispatch/middleware/flash.rb:242:in `call'
  rack (1.4.7) lib/rack/session/abstract/id.rb:210:in `context'
  rack (1.4.7) lib/rack/session/abstract/id.rb:205:in `call'
  actionpack (3.2.16) lib/action_dispatch/middleware/cookies.rb:341:in `call'
  activerecord (3.2.16) lib/active_record/query_cache.rb:64:in `call'
  activerecord (3.2.16) lib/active_record/connection_adapters/abstract/connection_pool.rb:479:in `call'
  actionpack (3.2.16) lib/action_dispatch/middleware/callbacks.rb:28:in `block in call'
  activesupport (3.2.16) lib/active_support/callbacks.rb:405:in `_run__597269655__call__699471016__callbacks'
  activesupport (3.2.16) lib/active_support/callbacks.rb:405:in `__run_callback'
  activesupport (3.2.16) lib/active_support/callbacks.rb:385:in `_run_call_callbacks'
  activesupport (3.2.16) lib/active_support/callbacks.rb:81:in `run_callbacks'
  actionpack (3.2.16) lib/action_dispatch/middleware/callbacks.rb:27:in `call'
  actionpack (3.2.16) lib/action_dispatch/middleware/reloader.rb:65:in `call'
  actionpack (3.2.16) lib/action_dispatch/middleware/remote_ip.rb:31:in `call'
  actionpack (3.2.16) lib/action_dispatch/middleware/debug_exceptions.rb:16:in `call'
  actionpack (3.2.16) lib/action_dispatch/middleware/show_exceptions.rb:56:in `call'
  railties (3.2.16) lib/rails/rack/logger.rb:32:in `call_app'
  railties (3.2.16) lib/rails/rack/logger.rb:16:in `block in call'
  activesupport (3.2.16) lib/active_support/tagged_logging.rb:22:in `tagged'
  railties (3.2.16) lib/rails/rack/logger.rb:16:in `call'
  actionpack (3.2.16) lib/action_dispatch/middleware/request_id.rb:22:in `call'
  rack (1.4.7) lib/rack/methodoverride.rb:21:in `call'
  rack (1.4.7) lib/rack/runtime.rb:17:in `call'
  activesupport (3.2.16) lib/active_support/cache/strategy/local_cache.rb:72:in `call'
  rack (1.4.7) lib/rack/lock.rb:15:in `call'
  actionpack (3.2.16) lib/action_dispatch/middleware/static.rb:63:in `call'
  railties (3.2.16) lib/rails/engine.rb:484:in `call'
  railties (3.2.16) lib/rails/application.rb:231:in `call'
  rack (1.4.7) lib/rack/content_length.rb:14:in `call'
  railties (3.2.16) lib/rails/rack/log_tailer.rb:17:in `call'
  rack (1.4.7) lib/rack/handler/webrick.rb:59:in `service'
  /home/saasbook/.rvm/rubies/ruby-1.9.3-p448/lib/ruby/1.9.1/webrick/httpserver.rb:138:in `service'
  /home/saasbook/.rvm/rubies/ruby-1.9.3-p448/lib/ruby/1.9.1/webrick/httpserver.rb:94:in `run'
  /home/saasbook/.rvm/rubies/ruby-1.9.3-p448/lib/ruby/1.9.1/webrick/server.rb:191:in `block in start_thread'


  Rendered /home/saasbook/.rvm/gems/ruby-1.9.3-p448/gems/actionpack-3.2.16/lib/action_dispatch/middleware/templates/rescues/missing_template.erb within rescues/layout (0.5ms)


Started GET "/pages/home" for 127.0.0.1 at 2015-11-24 03:02:43 -0400
Processing by PagesController#home as HTML
  Rendered pages/home.html.erb within layouts/application (0.2ms)
Warning. Error encountered while saving cache /home/saasbook/demo_app/tmp/cache/sass/a43759984e39e3075623cb2f3891645ef5c58d63/pages.css.scssc: can't dump anonymous class #<Class:0x9681a60>
Compiled pages.css  (9ms)  (pid 3926)
Warning. Error encountered while saving cache /home/saasbook/demo_app/tmp/cache/sass/a43759984e39e3075623cb2f3891645ef5c58d63/scaffolds.css.scssc: can't dump anonymous class #<Class:0x9681a60>
Compiled scaffolds.css  (19ms)  (pid 3926)
Warning. Error encountered while saving cache /home/saasbook/demo_app/tmp/cache/sass/a43759984e39e3075623cb2f3891645ef5c58d63/users.css.scssc: can't dump anonymous class #<Class:0x9681a60>
Compiled users.css  (1ms)  (pid 3926)
Compiled application.css  (125ms)  (pid 3926)
Compiled jquery.js  (3ms)  (pid 3926)
Compiled jquery_ujs.js  (0ms)  (pid 3926)
Compiled pages.js  (794ms)  (pid 3926)
Compiled users.js  (302ms)  (pid 3926)
Compiled application.js  (1202ms)  (pid 3926)
Completed 200 OK in 1398.1ms (Views: 1397.2ms | ActiveRecord: 0.0ms)


Started GET "/assets/application.css?body=1" for 127.0.0.1 at 2015-11-24 03:02:45 -0400
Served asset /application.css - 200 OK (31ms)


Started GET "/assets/users.css?body=1" for 127.0.0.1 at 2015-11-24 03:02:45 -0400
Served asset /users.css - 200 OK (15ms)


Started GET "/assets/scaffolds.css?body=1" for 127.0.0.1 at 2015-11-24 03:02:45 -0400
Served asset /scaffolds.css - 200 OK (22ms)


Started GET "/assets/pages.css?body=1" for 127.0.0.1 at 2015-11-24 03:02:45 -0400
Served asset /pages.css - 200 OK (1ms)


Started GET "/assets/jquery.js?body=1" for 127.0.0.1 at 2015-11-24 03:02:45 -0400
Served asset /jquery.js - 200 OK (24ms)


Started GET "/assets/jquery_ujs.js?body=1" for 127.0.0.1 at 2015-11-24 03:02:45 -0400
Served asset /jquery_ujs.js - 200 OK (16ms)


Started GET "/assets/pages.js?body=1" for 127.0.0.1 at 2015-11-24 03:02:45 -0400
Served asset /pages.js - 200 OK (1ms)


Started GET "/assets/users.js?body=1" for 127.0.0.1 at 2015-11-24 03:02:45 -0400
Served asset /users.js - 200 OK (11ms)


Started GET "/assets/application.js?body=1" for 127.0.0.1 at 2015-11-24 03:02:45 -0400
Served asset /application.js - 200 OK (40ms)


Started GET "/pages/about" for 127.0.0.1 at 2015-11-24 03:03:21 -0400
Processing by PagesController#about as HTML
  Rendered pages/about.html.erb within layouts/application (0.8ms)
Completed 200 OK in 13.0ms (Views: 12.5ms | ActiveRecord: 0.0ms)


Started GET "/assets/application.css?body=1" for 127.0.0.1 at 2015-11-24 03:03:21 -0400
Served asset /application.css - 304 Not Modified (1ms)


Started GET "/assets/pages.css?body=1" for 127.0.0.1 at 2015-11-24 03:03:21 -0400
Served asset /pages.css - 304 Not Modified (9ms)


Started GET "/assets/scaffolds.css?body=1" for 127.0.0.1 at 2015-11-24 03:03:21 -0400
Served asset /scaffolds.css - 304 Not Modified (33ms)


Started GET "/assets/jquery.js?body=1" for 127.0.0.1 at 2015-11-24 03:03:21 -0400
Served asset /jquery.js - 304 Not Modified (21ms)


Started GET "/assets/users.css?body=1" for 127.0.0.1 at 2015-11-24 03:03:21 -0400
Served asset /users.css - 304 Not Modified (0ms)


Started GET "/assets/pages.js?body=1" for 127.0.0.1 at 2015-11-24 03:03:21 -0400
Served asset /pages.js - 304 Not Modified (0ms)


Started GET "/assets/users.js?body=1" for 127.0.0.1 at 2015-11-24 03:03:21 -0400
Served asset /users.js - 304 Not Modified (0ms)


Started GET "/assets/jquery_ujs.js?body=1" for 127.0.0.1 at 2015-11-24 03:03:21 -0400
Served asset /jquery_ujs.js - 304 Not Modified (0ms)


Started GET "/assets/application.js?body=1" for 127.0.0.1 at 2015-11-24 03:03:21 -0400
Served asset /application.js - 304 Not Modified (2ms)


Started GET "/pages/about" for 127.0.0.1 at 2015-11-24 03:06:57 -0400
Processing by PagesController#about as HTML
  Rendered pages/about.html.erb within layouts/application (0.5ms)
Completed 200 OK in 34.1ms (Views: 33.9ms | ActiveRecord: 0.0ms)


Started GET "/assets/application.css?body=1" for 127.0.0.1 at 2015-11-24 03:06:58 -0400
Served asset /application.css - 304 Not Modified (1ms)


Started GET "/assets/users.css?body=1" for 127.0.0.1 at 2015-11-24 03:06:58 -0400
Served asset /users.css - 304 Not Modified (0ms)


Started GET "/assets/scaffolds.css?body=1" for 127.0.0.1 at 2015-11-24 03:06:58 -0400
Served asset /scaffolds.css - 304 Not Modified (0ms)


Started GET "/assets/jquery_ujs.js?body=1" for 127.0.0.1 at 2015-11-24 03:06:58 -0400
Served asset /jquery_ujs.js - 304 Not Modified (0ms)


Started GET "/assets/pages.css?body=1" for 127.0.0.1 at 2015-11-24 03:06:58 -0400
Served asset /pages.css - 304 Not Modified (2ms)


Started GET "/assets/jquery.js?body=1" for 127.0.0.1 at 2015-11-24 03:06:58 -0400
Served asset /jquery.js - 304 Not Modified (10ms)


Started GET "/assets/pages.js?body=1" for 127.0.0.1 at 2015-11-24 03:06:58 -0400
Served asset /pages.js - 304 Not Modified (0ms)


Started GET "/assets/users.js?body=1" for 127.0.0.1 at 2015-11-24 03:06:58 -0400
Served asset /users.js - 304 Not Modified (0ms)


Started GET "/assets/application.js?body=1" for 127.0.0.1 at 2015-11-24 03:06:58 -0400
Served asset /application.js - 304 Not Modified (11ms)


Started GET "/pages/about" for 127.0.0.1 at 2015-11-24 03:22:57 -0400
Processing by PagesController#about as HTML
  Rendered pages/about.html.erb within layouts/application (0.1ms)
Completed 200 OK in 19.8ms (Views: 19.4ms | ActiveRecord: 0.0ms)


Started GET "/pages/home" for 127.0.0.1 at 2015-11-24 03:23:39 -0400
Processing by PagesController#home as HTML
  Rendered pages/home.html.erb within layouts/application (6.8ms)
Completed 200 OK in 13.5ms (Views: 12.8ms | ActiveRecord: 0.0ms)


Started GET "/pages/about" for 127.0.0.1 at 2015-11-24 03:23:47 -0400
Processing by PagesController#about as HTML
  Rendered pages/about.html.erb within layouts/application (0.0ms)
Completed 200 OK in 17.8ms (Views: 17.7ms | ActiveRecord: 0.0ms)


Started GET "/pages/about" for 127.0.0.1 at 2015-11-24 03:25:01 -0400
Processing by PagesController#about as HTML
  Rendered pages/about.html.erb within layouts/application (0.0ms)
Completed 200 OK in 18.0ms (Views: 17.9ms | ActiveRecord: 0.0ms)


Started GET "/pages/about" for 127.0.0.1 at 2015-11-24 03:27:09 -0400
Processing by PagesController#about as HTML
  Rendered pages/about.html.erb within layouts/application (0.0ms)
Completed 200 OK in 19.9ms (Views: 19.8ms | ActiveRecord: 0.0ms)


Started GET "/pages/about" for 127.0.0.1 at 2015-11-24 03:28:19 -0400
DEPRECATION WARNING: Database connections will not be closed automatically, please close your
database connection at the end of the thread by calling `close` on your
connection.  For example: ActiveRecord::Base.connection.close
. (called from mon_synchronize at /home/saasbook/.rvm/rubies/ruby-1.9.3-p448/lib/ruby/1.9.1/monitor.rb:211)
DEPRECATION WARNING: Database connections will not be closed automatically, please close your
database connection at the end of the thread by calling `close` on your
connection.  For example: ActiveRecord::Base.connection.close
. (called from mon_synchronize at /home/saasbook/.rvm/rubies/ruby-1.9.3-p448/lib/ruby/1.9.1/monitor.rb:211)
DEPRECATION WARNING: Database connections will not be closed automatically, please close your
database connection at the end of the thread by calling `close` on your
connection.  For example: ActiveRecord::Base.connection.close
. (called from mon_synchronize at /home/saasbook/.rvm/rubies/ruby-1.9.3-p448/lib/ruby/1.9.1/monitor.rb:211)
DEPRECATION WARNING: Database connections will not be closed automatically, please close your
database connection at the end of the thread by calling `close` on your
connection.  For example: ActiveRecord::Base.connection.close
. (called from mon_synchronize at /home/saasbook/.rvm/rubies/ruby-1.9.3-p448/lib/ruby/1.9.1/monitor.rb:211)
DEPRECATION WARNING: Database connections will not be closed automatically, please close your
database connection at the end of the thread by calling `close` on your
connection.  For example: ActiveRecord::Base.connection.close
. (called from mon_synchronize at /home/saasbook/.rvm/rubies/ruby-1.9.3-p448/lib/ruby/1.9.1/monitor.rb:211)
Processing by PagesController#about as HTML
  Rendered pages/about.html.erb within layouts/application (0.0ms)
Completed 200 OK in 17.0ms (Views: 16.8ms | ActiveRecord: 0.0ms)


Started GET "/pages/about" for 127.0.0.1 at 2015-11-24 03:28:27 -0400
Processing by PagesController#about as HTML
  Rendered pages/about.html.erb within layouts/application (0.0ms)
Completed 200 OK in 15.0ms (Views: 14.9ms | ActiveRecord: 0.0ms)


Started GET "/pages/about" for 127.0.0.1 at 2015-11-24 03:29:25 -0400
Processing by PagesController#about as HTML
  Rendered pages/about.html.erb within layouts/application (0.0ms)
Completed 200 OK in 21.6ms (Views: 21.3ms | ActiveRecord: 0.0ms)


Started GET "/pages/about" for 127.0.0.1 at 2015-11-24 03:29:26 -0400
Processing by PagesController#about as HTML
  Rendered pages/about.html.erb within layouts/application (0.0ms)
Completed 200 OK in 19.7ms (Views: 19.5ms | ActiveRecord: 0.0ms)


Started GET "/pages/about" for 127.0.0.1 at 2015-11-24 03:30:10 -0400
Processing by PagesController#about as HTML
  Rendered pages/about.html.erb within layouts/application (0.0ms)
Completed 200 OK in 26.0ms (Views: 25.8ms | ActiveRecord: 0.0ms)


Started GET "/pages/about" for 127.0.0.1 at 2015-11-24 03:31:20 -0400
Connecting to database specified by database.yml
Processing by PagesController#about as HTML
  Rendered pages/about.html.erb within layouts/application (30.5ms)
Completed 200 OK in 75.1ms (Views: 74.5ms | ActiveRecord: 0.0ms)


Started GET "/assets/application.css?body=1" for 127.0.0.1 at 2015-11-24 03:31:20 -0400
Served asset /application.css - 200 OK (73ms)


Started GET "/assets/pages.css?body=1" for 127.0.0.1 at 2015-11-24 03:31:21 -0400
Served asset /pages.css - 200 OK (24ms)


Started GET "/assets/scaffolds.css?body=1" for 127.0.0.1 at 2015-11-24 03:31:21 -0400
Served asset /scaffolds.css - 200 OK (10ms)


Started GET "/assets/jquery_ujs.js?body=1" for 127.0.0.1 at 2015-11-24 03:31:21 -0400
Served asset /jquery_ujs.js - 200 OK (19ms)


Started GET "/assets/users.css?body=1" for 127.0.0.1 at 2015-11-24 03:31:21 -0400
Served asset /users.css - 200 OK (1ms)


Started GET "/assets/jquery.js?body=1" for 127.0.0.1 at 2015-11-24 03:31:21 -0400
Served asset /jquery.js - 200 OK (100ms)


Started GET "/assets/pages.js?body=1" for 127.0.0.1 at 2015-11-24 03:31:21 -0400
Served asset /pages.js - 200 OK (14ms)


Started GET "/assets/users.js?body=1" for 127.0.0.1 at 2015-11-24 03:31:21 -0400
Served asset /users.js - 200 OK (9ms)


Started GET "/assets/application.js?body=1" for 127.0.0.1 at 2015-11-24 03:31:21 -0400
Served asset /application.js - 200 OK (25ms)


Started GET "/pages/about" for 127.0.0.1 at 2015-11-24 04:03:42 -0400
Connecting to database specified by database.yml
Processing by PagesController#about as HTML
  Rendered pages/about.html.erb within layouts/application (27.1ms)
Completed 200 OK in 102.8ms (Views: 102.4ms | ActiveRecord: 0.0ms)


Started GET "/assets/application.css?body=1" for 127.0.0.1 at 2015-11-24 04:03:43 -0400
Served asset /application.css - 304 Not Modified (5ms)


Started GET "/assets/jquery.js?body=1" for 127.0.0.1 at 2015-11-24 04:03:43 -0400
Served asset /jquery.js - 304 Not Modified (41ms)


Started GET "/assets/scaffolds.css?body=1" for 127.0.0.1 at 2015-11-24 04:03:43 -0400
Served asset /scaffolds.css - 304 Not Modified (12ms)


Started GET "/assets/users.css?body=1" for 127.0.0.1 at 2015-11-24 04:03:43 -0400
Served asset /users.css - 304 Not Modified (20ms)


Started GET "/assets/pages.css?body=1" for 127.0.0.1 at 2015-11-24 04:03:43 -0400
Served asset /pages.css - 304 Not Modified (1ms)


Started GET "/assets/jquery_ujs.js?body=1" for 127.0.0.1 at 2015-11-24 04:03:43 -0400
Served asset /jquery_ujs.js - 304 Not Modified (82ms)


Started GET "/assets/pages.js?body=1" for 127.0.0.1 at 2015-11-24 04:03:43 -0400
Served asset /pages.js - 304 Not Modified (17ms)


Started GET "/assets/users.js?body=1" for 127.0.0.1 at 2015-11-24 04:03:43 -0400
Served asset /users.js - 304 Not Modified (14ms)


Started GET "/assets/application.js?body=1" for 127.0.0.1 at 2015-11-24 04:03:43 -0400
Served asset /application.js - 304 Not Modified (36ms)


Started GET "/pages/about" for 127.0.0.1 at 2015-11-24 04:11:46 -0400
Connecting to database specified by database.yml
Processing by PagesController#about as HTML
  Rendered pages/about.html.erb within layouts/application (32.8ms)
Completed 200 OK in 97.9ms (Views: 97.5ms | ActiveRecord: 0.0ms)


Started GET "/assets/blueprint/screen.css" for 127.0.0.1 at 2015-11-24 04:11:47 -0400
Served asset /blueprint/screen.css - 404 Not Found (8ms)

ActionController::RoutingError (No route matches [GET] "/assets/blueprint/screen.css"):
  actionpack (3.2.16) lib/action_dispatch/middleware/debug_exceptions.rb:21:in `call'
  actionpack (3.2.16) lib/action_dispatch/middleware/show_exceptions.rb:56:in `call'
  railties (3.2.16) lib/rails/rack/logger.rb:32:in `call_app'
  railties (3.2.16) lib/rails/rack/logger.rb:16:in `block in call'
  activesupport (3.2.16) lib/active_support/tagged_logging.rb:22:in `tagged'
  railties (3.2.16) lib/rails/rack/logger.rb:16:in `call'
  actionpack (3.2.16) lib/action_dispatch/middleware/request_id.rb:22:in `call'
  rack (1.4.7) lib/rack/methodoverride.rb:21:in `call'
  rack (1.4.7) lib/rack/runtime.rb:17:in `call'
  activesupport (3.2.16) lib/active_support/cache/strategy/local_cache.rb:72:in `call'
  rack (1.4.7) lib/rack/lock.rb:15:in `call'
  actionpack (3.2.16) lib/action_dispatch/middleware/static.rb:63:in `call'
  railties (3.2.16) lib/rails/engine.rb:484:in `call'
  railties (3.2.16) lib/rails/application.rb:231:in `call'
  rack (1.4.7) lib/rack/content_length.rb:14:in `call'
  railties (3.2.16) lib/rails/rack/log_tailer.rb:17:in `call'
  rack (1.4.7) lib/rack/handler/webrick.rb:59:in `service'
  /home/saasbook/.rvm/rubies/ruby-1.9.3-p448/lib/ruby/1.9.1/webrick/httpserver.rb:138:in `service'
  /home/saasbook/.rvm/rubies/ruby-1.9.3-p448/lib/ruby/1.9.1/webrick/httpserver.rb:94:in `run'
  /home/saasbook/.rvm/rubies/ruby-1.9.3-p448/lib/ruby/1.9.1/webrick/server.rb:191:in `block in start_thread'


  Rendered /home/saasbook/.rvm/gems/ruby-1.9.3-p448/gems/actionpack-3.2.16/lib/action_dispatch/middleware/templates/rescues/routing_error.erb within rescues/layout (0.7ms)


Started GET "/assets/blueprint/print.css" for 127.0.0.1 at 2015-11-24 04:11:47 -0400
Served asset /blueprint/print.css - 404 Not Found (14ms)

ActionController::RoutingError (No route matches [GET] "/assets/blueprint/print.css"):
  actionpack (3.2.16) lib/action_dispatch/middleware/debug_exceptions.rb:21:in `call'
  actionpack (3.2.16) lib/action_dispatch/middleware/show_exceptions.rb:56:in `call'
  railties (3.2.16) lib/rails/rack/logger.rb:32:in `call_app'
  railties (3.2.16) lib/rails/rack/logger.rb:16:in `block in call'
  activesupport (3.2.16) lib/active_support/tagged_logging.rb:22:in `tagged'
  railties (3.2.16) lib/rails/rack/logger.rb:16:in `call'
  actionpack (3.2.16) lib/action_dispatch/middleware/request_id.rb:22:in `call'
  rack (1.4.7) lib/rack/methodoverride.rb:21:in `call'
  rack (1.4.7) lib/rack/runtime.rb:17:in `call'
  activesupport (3.2.16) lib/active_support/cache/strategy/local_cache.rb:72:in `call'
  rack (1.4.7) lib/rack/lock.rb:15:in `call'
  actionpack (3.2.16) lib/action_dispatch/middleware/static.rb:63:in `call'
  railties (3.2.16) lib/rails/engine.rb:484:in `call'
  railties (3.2.16) lib/rails/application.rb:231:in `call'
  rack (1.4.7) lib/rack/content_length.rb:14:in `call'
  railties (3.2.16) lib/rails/rack/log_tailer.rb:17:in `call'
  rack (1.4.7) lib/rack/handler/webrick.rb:59:in `service'
  /home/saasbook/.rvm/rubies/ruby-1.9.3-p448/lib/ruby/1.9.1/webrick/httpserver.rb:138:in `service'
  /home/saasbook/.rvm/rubies/ruby-1.9.3-p448/lib/ruby/1.9.1/webrick/httpserver.rb:94:in `run'
  /home/saasbook/.rvm/rubies/ruby-1.9.3-p448/lib/ruby/1.9.1/webrick/server.rb:191:in `block in start_thread'


  Rendered /home/saasbook/.rvm/gems/ruby-1.9.3-p448/gems/actionpack-3.2.16/lib/action_dispatch/middleware/templates/rescues/routing_error.erb within rescues/layout (0.7ms)


Started GET "/assets/custom.css" for 127.0.0.1 at 2015-11-24 04:11:47 -0400
Served asset /custom.css - 404 Not Found (3ms)

ActionController::RoutingError (No route matches [GET] "/assets/custom.css"):
  actionpack (3.2.16) lib/action_dispatch/middleware/debug_exceptions.rb:21:in `call'
  actionpack (3.2.16) lib/action_dispatch/middleware/show_exceptions.rb:56:in `call'
  railties (3.2.16) lib/rails/rack/logger.rb:32:in `call_app'
  railties (3.2.16) lib/rails/rack/logger.rb:16:in `block in call'
  activesupport (3.2.16) lib/active_support/tagged_logging.rb:22:in `tagged'
  railties (3.2.16) lib/rails/rack/logger.rb:16:in `call'
  actionpack (3.2.16) lib/action_dispatch/middleware/request_id.rb:22:in `call'
  rack (1.4.7) lib/rack/methodoverride.rb:21:in `call'
  rack (1.4.7) lib/rack/runtime.rb:17:in `call'
  activesupport (3.2.16) lib/active_support/cache/strategy/local_cache.rb:72:in `call'
  rack (1.4.7) lib/rack/lock.rb:15:in `call'
  actionpack (3.2.16) lib/action_dispatch/middleware/static.rb:63:in `call'
  railties (3.2.16) lib/rails/engine.rb:484:in `call'
  railties (3.2.16) lib/rails/application.rb:231:in `call'
  rack (1.4.7) lib/rack/content_length.rb:14:in `call'
  railties (3.2.16) lib/rails/rack/log_tailer.rb:17:in `call'
  rack (1.4.7) lib/rack/handler/webrick.rb:59:in `service'
  /home/saasbook/.rvm/rubies/ruby-1.9.3-p448/lib/ruby/1.9.1/webrick/httpserver.rb:138:in `service'
  /home/saasbook/.rvm/rubies/ruby-1.9.3-p448/lib/ruby/1.9.1/webrick/httpserver.rb:94:in `run'
  /home/saasbook/.rvm/rubies/ruby-1.9.3-p448/lib/ruby/1.9.1/webrick/server.rb:191:in `block in start_thread'


  Rendered /home/saasbook/.rvm/gems/ruby-1.9.3-p448/gems/actionpack-3.2.16/lib/action_dispatch/middleware/templates/rescues/routing_error.erb within rescues/layout (0.7ms)


Started GET "/pages/home" for 127.0.0.1 at 2015-11-24 04:11:56 -0400
Processing by PagesController#home as HTML
  Rendered pages/home.html.erb within layouts/application (18.2ms)
Completed 200 OK in 60.3ms (Views: 59.7ms | ActiveRecord: 0.0ms)


Started GET "/assets/blueprint/screen.css" for 127.0.0.1 at 2015-11-24 04:11:56 -0400
Served asset /blueprint/screen.css - 404 Not Found (6ms)

ActionController::RoutingError (No route matches [GET] "/assets/blueprint/screen.css"):
  actionpack (3.2.16) lib/action_dispatch/middleware/debug_exceptions.rb:21:in `call'
  actionpack (3.2.16) lib/action_dispatch/middleware/show_exceptions.rb:56:in `call'
  railties (3.2.16) lib/rails/rack/logger.rb:32:in `call_app'
  railties (3.2.16) lib/rails/rack/logger.rb:16:in `block in call'
  activesupport (3.2.16) lib/active_support/tagged_logging.rb:22:in `tagged'
  railties (3.2.16) lib/rails/rack/logger.rb:16:in `call'
  actionpack (3.2.16) lib/action_dispatch/middleware/request_id.rb:22:in `call'
  rack (1.4.7) lib/rack/methodoverride.rb:21:in `call'
  rack (1.4.7) lib/rack/runtime.rb:17:in `call'
  activesupport (3.2.16) lib/active_support/cache/strategy/local_cache.rb:72:in `call'
  rack (1.4.7) lib/rack/lock.rb:15:in `call'
  actionpack (3.2.16) lib/action_dispatch/middleware/static.rb:63:in `call'
  railties (3.2.16) lib/rails/engine.rb:484:in `call'
  railties (3.2.16) lib/rails/application.rb:231:in `call'
  rack (1.4.7) lib/rack/content_length.rb:14:in `call'
  railties (3.2.16) lib/rails/rack/log_tailer.rb:17:in `call'
  rack (1.4.7) lib/rack/handler/webrick.rb:59:in `service'
  /home/saasbook/.rvm/rubies/ruby-1.9.3-p448/lib/ruby/1.9.1/webrick/httpserver.rb:138:in `service'
  /home/saasbook/.rvm/rubies/ruby-1.9.3-p448/lib/ruby/1.9.1/webrick/httpserver.rb:94:in `run'
  /home/saasbook/.rvm/rubies/ruby-1.9.3-p448/lib/ruby/1.9.1/webrick/server.rb:191:in `block in start_thread'


  Rendered /home/saasbook/.rvm/gems/ruby-1.9.3-p448/gems/actionpack-3.2.16/lib/action_dispatch/middleware/templates/rescues/routing_error.erb within rescues/layout (0.8ms)


Started GET "/assets/blueprint/print.css" for 127.0.0.1 at 2015-11-24 04:11:56 -0400
Served asset /blueprint/print.css - 404 Not Found (12ms)

ActionController::RoutingError (No route matches [GET] "/assets/blueprint/print.css"):
  actionpack (3.2.16) lib/action_dispatch/middleware/debug_exceptions.rb:21:in `call'
  actionpack (3.2.16) lib/action_dispatch/middleware/show_exceptions.rb:56:in `call'
  railties (3.2.16) lib/rails/rack/logger.rb:32:in `call_app'
  railties (3.2.16) lib/rails/rack/logger.rb:16:in `block in call'
  activesupport (3.2.16) lib/active_support/tagged_logging.rb:22:in `tagged'
  railties (3.2.16) lib/rails/rack/logger.rb:16:in `call'
  actionpack (3.2.16) lib/action_dispatch/middleware/request_id.rb:22:in `call'
  rack (1.4.7) lib/rack/methodoverride.rb:21:in `call'
  rack (1.4.7) lib/rack/runtime.rb:17:in `call'
  activesupport (3.2.16) lib/active_support/cache/strategy/local_cache.rb:72:in `call'
  rack (1.4.7) lib/rack/lock.rb:15:in `call'
  actionpack (3.2.16) lib/action_dispatch/middleware/static.rb:63:in `call'
  railties (3.2.16) lib/rails/engine.rb:484:in `call'
  railties (3.2.16) lib/rails/application.rb:231:in `call'
  rack (1.4.7) lib/rack/content_length.rb:14:in `call'
  railties (3.2.16) lib/rails/rack/log_tailer.rb:17:in `call'
  rack (1.4.7) lib/rack/handler/webrick.rb:59:in `service'
  /home/saasbook/.rvm/rubies/ruby-1.9.3-p448/lib/ruby/1.9.1/webrick/httpserver.rb:138:in `service'
  /home/saasbook/.rvm/rubies/ruby-1.9.3-p448/lib/ruby/1.9.1/webrick/httpserver.rb:94:in `run'
  /home/saasbook/.rvm/rubies/ruby-1.9.3-p448/lib/ruby/1.9.1/webrick/server.rb:191:in `block in start_thread'


  Rendered /home/saasbook/.rvm/gems/ruby-1.9.3-p448/gems/actionpack-3.2.16/lib/action_dispatch/middleware/templates/rescues/routing_error.erb within rescues/layout (0.9ms)


Started GET "/assets/custom.css" for 127.0.0.1 at 2015-11-24 04:11:56 -0400
Served asset /custom.css - 404 Not Found (20ms)

ActionController::RoutingError (No route matches [GET] "/assets/custom.css"):
  actionpack (3.2.16) lib/action_dispatch/middleware/debug_exceptions.rb:21:in `call'
  actionpack (3.2.16) lib/action_dispatch/middleware/show_exceptions.rb:56:in `call'
  railties (3.2.16) lib/rails/rack/logger.rb:32:in `call_app'
  railties (3.2.16) lib/rails/rack/logger.rb:16:in `block in call'
  activesupport (3.2.16) lib/active_support/tagged_logging.rb:22:in `tagged'
  railties (3.2.16) lib/rails/rack/logger.rb:16:in `call'
  actionpack (3.2.16) lib/action_dispatch/middleware/request_id.rb:22:in `call'
  rack (1.4.7) lib/rack/methodoverride.rb:21:in `call'
  rack (1.4.7) lib/rack/runtime.rb:17:in `call'
  activesupport (3.2.16) lib/active_support/cache/strategy/local_cache.rb:72:in `call'
  rack (1.4.7) lib/rack/lock.rb:15:in `call'
  actionpack (3.2.16) lib/action_dispatch/middleware/static.rb:63:in `call'
  railties (3.2.16) lib/rails/engine.rb:484:in `call'
  railties (3.2.16) lib/rails/application.rb:231:in `call'
  rack (1.4.7) lib/rack/content_length.rb:14:in `call'
  railties (3.2.16) lib/rails/rack/log_tailer.rb:17:in `call'
  rack (1.4.7) lib/rack/handler/webrick.rb:59:in `service'
  /home/saasbook/.rvm/rubies/ruby-1.9.3-p448/lib/ruby/1.9.1/webrick/httpserver.rb:138:in `service'
  /home/saasbook/.rvm/rubies/ruby-1.9.3-p448/lib/ruby/1.9.1/webrick/httpserver.rb:94:in `run'
  /home/saasbook/.rvm/rubies/ruby-1.9.3-p448/lib/ruby/1.9.1/webrick/server.rb:191:in `block in start_thread'


  Rendered /home/saasbook/.rvm/gems/ruby-1.9.3-p448/gems/actionpack-3.2.16/lib/action_dispatch/middleware/templates/rescues/routing_error.erb within rescues/layout (0.6ms)
